21:55:12.951 [main] INFO  com.mawujun.utils.file.FileUtils - file类型的扫描
21:55:12.955 [main] INFO  com.mawujun.utils.file.FileUtils - com.mawujun.generator.GeneratorCode
21:55:12.956 [main] INFO  com.mawujun.utils.file.FileUtils - com.mawujun.generator.GeneratorM
21:55:12.956 [main] INFO  com.mawujun.utils.file.FileUtils - file类型的扫描
21:55:12.963 [main] INFO  com.mawujun.utils.file.FileUtils - com.mawujun.repository.cnd.AbstractSqlExpression
21:55:12.983 [main] INFO  com.mawujun.utils.file.FileUtils - com.mawujun.repository.cnd.Cnd
21:55:12.985 [main] INFO  com.mawujun.utils.file.FileUtils - com.mawujun.repository.cnd.Exps
21:55:12.986 [main] INFO  com.mawujun.utils.file.FileUtils - com.mawujun.repository.cnd.InsertItems
21:55:12.987 [main] INFO  com.mawujun.utils.file.FileUtils - com.mawujun.repository.cnd.IntRange
21:55:12.989 [main] INFO  com.mawujun.utils.file.FileUtils - com.mawujun.repository.cnd.IsNull
21:55:12.990 [main] INFO  com.mawujun.utils.file.FileUtils - com.mawujun.repository.cnd.Like
21:55:12.991 [main] INFO  com.mawujun.utils.file.FileUtils - com.mawujun.repository.cnd.LongRange
21:55:12.992 [main] INFO  com.mawujun.utils.file.FileUtils - com.mawujun.repository.cnd.NameRange
21:55:12.992 [main] INFO  com.mawujun.utils.file.FileUtils - com.mawujun.repository.cnd.NoParamsSqlExpression
21:55:12.992 [main] INFO  com.mawujun.utils.file.FileUtils - com.mawujun.repository.cnd.NumberRange
21:55:12.993 [main] INFO  com.mawujun.utils.file.FileUtils - com.mawujun.repository.cnd.OrderBy
21:55:12.994 [main] INFO  com.mawujun.utils.file.FileUtils - com.mawujun.repository.cnd.OrderByItem
21:55:12.994 [main] INFO  com.mawujun.utils.file.FileUtils - com.mawujun.repository.cnd.OrderBySet
21:55:12.995 [main] INFO  com.mawujun.utils.file.FileUtils - com.mawujun.repository.cnd.PItem
21:55:12.995 [main] INFO  com.mawujun.utils.file.FileUtils - com.mawujun.repository.cnd.SelectAggreFun
21:55:12.996 [main] INFO  com.mawujun.utils.file.FileUtils - com.mawujun.repository.cnd.SelectItems
21:55:12.997 [main] INFO  com.mawujun.utils.file.FileUtils - com.mawujun.repository.cnd.SimpleExpression
21:55:12.997 [main] INFO  com.mawujun.utils.file.FileUtils - com.mawujun.repository.cnd.SqlExpression
21:55:12.998 [main] INFO  com.mawujun.utils.file.FileUtils - com.mawujun.repository.cnd.SqlExpressionGroup
21:55:12.999 [main] INFO  com.mawujun.utils.file.FileUtils - com.mawujun.repository.cnd.SqlRange
21:55:13.000 [main] INFO  com.mawujun.utils.file.FileUtils - com.mawujun.repository.cnd.SqlType
21:55:13.001 [main] INFO  com.mawujun.utils.file.FileUtils - com.mawujun.repository.cnd.Static
21:55:13.002 [main] INFO  com.mawujun.utils.file.FileUtils - com.mawujun.repository.cnd.UpdateItems
21:55:13.002 [main] INFO  com.mawujun.utils.file.FileUtils - com.mawujun.repository.DialectEnum
21:55:13.005 [main] INFO  com.mawujun.utils.file.FileUtils - com.mawujun.repository.hibernate.HibernateDao
21:55:13.006 [main] INFO  com.mawujun.utils.file.FileUtils - com.mawujun.repository.hibernate.HibernateUtils
21:55:13.007 [main] INFO  com.mawujun.utils.file.FileUtils - com.mawujun.repository.hibernate.IHibernateDao
21:55:13.042 [main] INFO  com.mawujun.utils.file.FileUtils - com.mawujun.repository.hibernate.MyH2Dialect
21:55:13.045 [main] INFO  com.mawujun.utils.file.FileUtils - com.mawujun.repository.hibernate.NamingStrategy
21:55:13.046 [main] INFO  com.mawujun.utils.file.FileUtils - com.mawujun.repository.hibernate.schemaExport.HibernateDDLGenerator
21:55:13.048 [main] INFO  com.mawujun.utils.file.FileUtils - com.mawujun.repository.hibernate.schemaExport.SchemaExportApp
21:55:13.053 [main] INFO  com.mawujun.utils.file.FileUtils - com.mawujun.repository.hibernate.validate.ValidateEntity
21:55:13.054 [main] INFO  com.mawujun.utils.file.FileUtils - com.mawujun.repository.hibernate.validate.ValidatorUtils
21:55:13.056 [main] INFO  com.mawujun.utils.file.FileUtils - com.mawujun.repository.idEntity.AutoIdEntity
21:55:13.057 [main] INFO  com.mawujun.utils.file.FileUtils - com.mawujun.repository.idEntity.GUIDEntity
21:55:13.058 [main] INFO  com.mawujun.utils.file.FileUtils - com.mawujun.repository.idEntity.GUIDValidateEntity
21:55:13.058 [main] INFO  com.mawujun.utils.file.FileUtils - com.mawujun.repository.idEntity.IdEntity
21:55:13.059 [main] INFO  com.mawujun.utils.file.FileUtils - com.mawujun.repository.idEntity.OracleAutoId
21:55:13.060 [main] INFO  com.mawujun.utils.file.FileUtils - com.mawujun.repository.idEntity.OracleAutoIdValidate
21:55:13.061 [main] INFO  com.mawujun.utils.file.FileUtils - com.mawujun.repository.idEntity.UUIDEntity
21:55:13.062 [main] INFO  com.mawujun.utils.file.FileUtils - com.mawujun.repository.idEntity.UUIDEntityValidate
21:55:13.063 [main] INFO  com.mawujun.utils.file.FileUtils - com.mawujun.repository.idEntity.UUIDGenerator
21:55:13.064 [main] INFO  com.mawujun.utils.file.FileUtils - com.mawujun.repository.IRepository
21:55:13.066 [main] INFO  com.mawujun.utils.file.FileUtils - com.mawujun.repository.mybatis.BaseEntity
21:55:13.072 [main] INFO  com.mawujun.utils.file.FileUtils - com.mawujun.repository.mybatis.BitTypeHandler
21:55:13.073 [main] INFO  com.mawujun.utils.file.FileUtils - com.mawujun.repository.mybatis.DatabaseIdProviderCustom
21:55:13.074 [main] INFO  com.mawujun.utils.file.FileUtils - com.mawujun.repository.mybatis.DataParser
21:55:13.076 [main] INFO  com.mawujun.utils.file.FileUtils - com.mawujun.repository.mybatis.dialect.DB2Dialect
21:55:13.077 [main] INFO  com.mawujun.utils.file.FileUtils - com.mawujun.repository.mybatis.dialect.DerbyDialect
21:55:13.077 [main] INFO  com.mawujun.utils.file.FileUtils - com.mawujun.repository.mybatis.dialect.Dialect
21:55:13.078 [main] INFO  com.mawujun.utils.file.FileUtils - com.mawujun.repository.mybatis.dialect.H2Dialect
21:55:13.079 [main] INFO  com.mawujun.utils.file.FileUtils - com.mawujun.repository.mybatis.dialect.HSQLDialect
21:55:13.079 [main] INFO  com.mawujun.utils.file.FileUtils - com.mawujun.repository.mybatis.dialect.MySQLDialect
21:55:13.080 [main] INFO  com.mawujun.utils.file.FileUtils - com.mawujun.repository.mybatis.dialect.OracleDialect
21:55:13.081 [main] INFO  com.mawujun.utils.file.FileUtils - com.mawujun.repository.mybatis.dialect.PostgreSQLDialect
21:55:13.081 [main] INFO  com.mawujun.utils.file.FileUtils - com.mawujun.repository.mybatis.dialect.SQLServer2005Dialect
21:55:13.083 [main] INFO  com.mawujun.utils.file.FileUtils - com.mawujun.repository.mybatis.dialect.SQLServerDialect
21:55:13.083 [main] INFO  com.mawujun.utils.file.FileUtils - com.mawujun.repository.mybatis.dialect.SybaseDialect
21:55:13.084 [main] INFO  com.mawujun.utils.file.FileUtils - com.mawujun.repository.mybatis.MybatisBatchRepository
21:55:13.086 [main] INFO  com.mawujun.utils.file.FileUtils - com.mawujun.repository.mybatis.MybatisRepository
21:55:13.087 [main] INFO  com.mawujun.utils.file.FileUtils - com.mawujun.repository.mybatis.MybatisUtils
21:55:13.088 [main] INFO  com.mawujun.utils.file.FileUtils - com.mawujun.repository.mybatis.PageInterceptor$BoundSqlSqlSource
21:55:13.098 [main] INFO  com.mawujun.utils.file.FileUtils - com.mawujun.repository.mybatis.PageInterceptor
21:55:13.103 [main] INFO  com.mawujun.utils.file.FileUtils - com.mawujun.repository.mybatis.Record
21:55:13.105 [main] INFO  com.mawujun.utils.file.FileUtils - com.mawujun.repository.mybatis.TrueFalseTypeHandler
21:55:13.106 [main] INFO  com.mawujun.utils.file.FileUtils - com.mawujun.repository.mybatis.YesNoTypeHandler
21:55:13.107 [main] INFO  com.mawujun.utils.file.FileUtils - com.mawujun.repository.MyMapperProxy
21:55:13.109 [main] INFO  com.mawujun.utils.file.FileUtils - com.mawujun.repository.MyMapperProxyFactory
21:55:13.110 [main] INFO  com.mawujun.utils.file.FileUtils - com.mawujun.repository.MyMapperRegistry
21:55:13.117 [main] INFO  com.mawujun.utils.file.FileUtils - com.mawujun.repository.MySqlSessionFactoryBean
21:55:13.142 [main] INFO  com.mawujun.utils.file.FileUtils - com.mawujun.service.AbstractService
21:55:13.143 [main] INFO  com.mawujun.utils.file.FileUtils - file类型的扫描
21:55:13.146 [main] INFO  com.mawujun.utils.file.FileUtils - com.mawujun.controller.spring.event.ApplicationListenerAAA
21:55:13.150 [main] INFO  com.mawujun.utils.file.FileUtils - com.mawujun.controller.spring.mvc.DateConverter
21:55:13.156 [main] INFO  com.mawujun.utils.file.FileUtils - com.mawujun.controller.spring.mvc.exception.MappingExceptionResolver
21:55:13.158 [main] INFO  com.mawujun.utils.file.FileUtils - com.mawujun.controller.spring.mvc.json.JsonConfigHolder$1
21:55:13.159 [main] INFO  com.mawujun.utils.file.FileUtils - com.mawujun.controller.spring.mvc.json.JsonConfigHolder$ToJsonConfig
21:55:13.160 [main] INFO  com.mawujun.utils.file.FileUtils - com.mawujun.controller.spring.mvc.json.JsonConfigHolder
21:55:13.163 [main] INFO  com.mawujun.utils.file.FileUtils - com.mawujun.controller.spring.mvc.json.Object2JsonObject
21:55:13.164 [main] INFO  com.mawujun.utils.file.FileUtils - com.mawujun.controller.spring.mvc.json.PageResult2JsonObject
21:55:13.164 [main] INFO  com.mawujun.utils.file.FileUtils - com.mawujun.controller.spring.mvc.json.Trans2JsonObject
21:55:13.166 [main] INFO  com.mawujun.utils.file.FileUtils - com.mawujun.controller.spring.mvc.SetCharacterEncodingFilter
21:55:13.169 [main] INFO  com.mawujun.utils.file.FileUtils - com.mawujun.controller.spring.SpringContextHolder
21:55:13.169 [main] INFO  com.mawujun.utils.file.FileUtils - file类型的扫描
21:55:13.171 [main] INFO  com.mawujun.utils.file.FileUtils - com.mawujun.exception.BusinessException
21:55:13.173 [main] INFO  com.mawujun.utils.file.FileUtils - com.mawujun.exception.DefaulExceptionCode
21:55:13.173 [main] INFO  com.mawujun.utils.file.FileUtils - com.mawujun.exception.ExceptionCode
21:55:13.175 [main] INFO  com.mawujun.utils.file.FileUtils - com.mawujun.exception.PaymentCode
21:55:13.177 [main] INFO  com.mawujun.utils.file.FileUtils - com.mawujun.exception.SystemExceptionExample
21:55:13.178 [main] INFO  com.mawujun.utils.file.FileUtils - com.mawujun.exception.SystemExceptionExample2
21:55:13.179 [main] INFO  com.mawujun.utils.file.FileUtils - com.mawujun.exception.SystemExceptionExample3
21:55:13.181 [main] INFO  com.mawujun.utils.file.FileUtils - com.mawujun.exception.ValidationCode
21:55:13.184 [main] INFO  com.mawujun.utils.file.FileUtils - com.mawujun.utils.ArrayUtils
21:55:13.185 [main] INFO  com.mawujun.utils.file.FileUtils - com.mawujun.utils.Assert
21:55:13.187 [main] INFO  com.mawujun.utils.file.FileUtils - com.mawujun.utils.bean.BeanUtils
21:55:13.193 [main] INFO  com.mawujun.utils.file.FileUtils - com.mawujun.utils.CollectionUtils
21:55:13.195 [main] INFO  com.mawujun.utils.file.FileUtils - com.mawujun.utils.DateUtils
21:55:13.196 [main] INFO  com.mawujun.utils.file.FileUtils - com.mawujun.utils.EncodeUtils
21:55:13.197 [main] INFO  com.mawujun.utils.file.FileUtils - com.mawujun.utils.file.FileUtils
21:55:13.198 [main] INFO  com.mawujun.utils.file.FileUtils - com.mawujun.utils.GlobalVariable
21:55:13.200 [main] INFO  com.mawujun.utils.file.FileUtils - com.mawujun.utils.help.CodeGeneratorHelper
21:55:13.201 [main] INFO  com.mawujun.utils.file.FileUtils - com.mawujun.utils.icon.Icon
21:55:13.202 [main] INFO  com.mawujun.utils.file.FileUtils - com.mawujun.utils.icon.IconUtil
21:55:13.204 [main] INFO  com.mawujun.utils.file.FileUtils - com.mawujun.utils.JavaLibraryPathUtils
21:55:13.205 [main] INFO  com.mawujun.utils.file.FileUtils - com.mawujun.utils.JavaVersion
21:55:13.217 [main] INFO  com.mawujun.utils.file.FileUtils - com.mawujun.utils.ObjectUtils
21:55:13.218 [main] INFO  com.mawujun.utils.file.FileUtils - com.mawujun.utils.page.PageParam
21:55:13.219 [main] INFO  com.mawujun.utils.file.FileUtils - com.mawujun.utils.page.PageResult
21:55:13.221 [main] INFO  com.mawujun.utils.file.FileUtils - com.mawujun.utils.properties.PropertiesUtils
21:55:13.222 [main] INFO  com.mawujun.utils.file.FileUtils - com.mawujun.utils.Range$ComparableComparator
21:55:13.232 [main] INFO  com.mawujun.utils.file.FileUtils - com.mawujun.utils.Range
21:55:13.238 [main] INFO  com.mawujun.utils.file.FileUtils - com.mawujun.utils.ReflectUtils$1
21:55:13.240 [main] INFO  com.mawujun.utils.file.FileUtils - com.mawujun.utils.ReflectUtils$2
21:55:13.245 [main] INFO  com.mawujun.utils.file.FileUtils - com.mawujun.utils.ReflectUtils$3
21:55:13.246 [main] INFO  com.mawujun.utils.file.FileUtils - com.mawujun.utils.ReflectUtils$FieldCallback
21:55:13.246 [main] INFO  com.mawujun.utils.file.FileUtils - com.mawujun.utils.ReflectUtils$FieldFilter
21:55:13.246 [main] INFO  com.mawujun.utils.file.FileUtils - com.mawujun.utils.ReflectUtils$MethodCallback
21:55:13.247 [main] INFO  com.mawujun.utils.file.FileUtils - com.mawujun.utils.ReflectUtils$MethodFilter
21:55:13.255 [main] INFO  com.mawujun.utils.file.FileUtils - com.mawujun.utils.ReflectUtils
21:55:13.260 [main] INFO  com.mawujun.utils.file.FileUtils - com.mawujun.utils.SerializationException
21:55:13.263 [main] INFO  com.mawujun.utils.file.FileUtils - com.mawujun.utils.SerializationUtils
21:55:13.265 [main] INFO  com.mawujun.utils.file.FileUtils - com.mawujun.utils.string.RandomStringUtils
21:55:13.268 [main] INFO  com.mawujun.utils.file.FileUtils - com.mawujun.utils.string.StringEscapeUtils
21:55:13.278 [main] INFO  com.mawujun.utils.file.FileUtils - com.mawujun.utils.string.StringTokenizerUtils
21:55:13.293 [main] INFO  com.mawujun.utils.file.FileUtils - com.mawujun.utils.string.StringUtils
21:55:13.296 [main] INFO  com.mawujun.utils.file.FileUtils - com.mawujun.utils.SystemUtils
21:55:13.297 [main] INFO  com.mawujun.utils.file.FileUtils - com.mawujun.utils.test.DbunitBaseRepositoryTest
21:55:13.300 [main] INFO  com.mawujun.utils.file.FileUtils - com.mawujun.utils.Validate
21:55:13.301 [main] INFO  com.mawujun.utils.file.FileUtils - com.mawujun.utils.WeekUtils
21:55:13.302 [main] INFO  com.mawujun.utils.file.FileUtils - file类型的扫描
21:55:13.304 [main] INFO  com.mawujun.utils.file.FileUtils - com.mawujun.generator.ExtenConfig
21:55:13.305 [main] INFO  com.mawujun.utils.file.FileUtils - com.mawujun.generator.FreemarkerHelper
21:55:13.307 [main] INFO  com.mawujun.utils.file.FileUtils - com.mawujun.generator.GeneratorService
21:55:13.309 [main] INFO  com.mawujun.utils.file.FileUtils - com.mawujun.generator.JavaEntityMetaDataService
21:55:13.310 [main] INFO  com.mawujun.utils.file.FileUtils - com.mawujun.generator.model.FtlFileInfo
21:55:13.312 [main] INFO  com.mawujun.utils.file.FileUtils - com.mawujun.generator.model.PropertyColumn
21:55:13.314 [main] INFO  com.mawujun.utils.file.FileUtils - com.mawujun.generator.model.SubjectRoot
21:55:13.314 [main] INFO  com.mawujun.utils.file.FileUtils - com.mawujun.generator.MT.GeneratorMT$1
21:55:13.314 [main] INFO  com.mawujun.utils.file.FileUtils - com.mawujun.generator.MT.GeneratorMT
21:55:13.318 [main] INFO  com.mawujun.utils.file.FileUtils - com.mawujun.generator.other.DefaultNameStrategy
21:55:13.331 [main] INFO  com.mawujun.utils.file.FileUtils - com.mawujun.generator.other.JarFileSearch
21:55:13.331 [main] INFO  com.mawujun.utils.file.FileUtils - com.mawujun.generator.other.NameStrategy
21:55:13.333 [main] INFO  com.mawujun.utils.file.FileUtils - com.mawujun.generator.Test
